

Terminals which are not used:

   Address
   SUB
   INC
   DEC


State 109 contains 1 shift/reduce conflict.

Grammar
rule 1    start -> Code
rule 2    Code -> Line Code
rule 3    Code ->		/* empty */
rule 4    Line -> Statement
rule 5    Line -> OpenIfStatement
rule 6    Statement -> SimpleStatement
rule 7    Statement -> WhileLoop
rule 8    Statement -> ForLoop
rule 9    Statement -> IfStatement
rule 10   Statement -> '{' Code '}'
rule 11   SimpleStatement -> DataType Variables ';'
rule 12   SimpleStatement -> Print LP Text Arguments RP ';'
rule 13   SimpleStatement -> Scan LP Text Addresses RP ';'
rule 14   SimpleStatement -> ArithmaticExpression ';'
rule 15   SimpleStatement -> Assignment ';'
rule 16   IfStatement -> If LP LogicExpression RP Statement Else Statement
rule 17   OpenIfStatement -> If LP LogicExpression RP Statement Else OpenIfStatement
rule 18   OpenIfStatement -> If LP LogicExpression RP Line
rule 19   ArithmaticExpression -> ArithmaticExpression '+' Term
rule 20   ArithmaticExpression -> ArithmaticExpression '-' Term
rule 21   ArithmaticExpression -> Term
rule 22   Term -> Term '*' Factor
rule 23   Term -> Term '/' Factor
rule 24   Term -> Term '%' Factor
rule 25   Term -> Factor
rule 26   Factor -> '(' ArithmaticExpression ')'
rule 27   Factor -> Id
rule 28   Factor -> '-' Id
rule 29   Factor -> Value
rule 30   LogicExpression -> LogicExpression OR LogicTerm
rule 31   LogicExpression -> LogicTerm
rule 32   LogicTerm -> LogicTerm AND LogicFactor
rule 33   LogicTerm -> LogicFactor
rule 34   LogicFactor -> '!' LogicFactor
rule 35   LogicFactor -> NotFactor
rule 36   NotFactor -> '(' LogicExpression ')'
rule 37   NotFactor -> Comparator
rule 38   Comparator -> ArithmaticExpression Operation ArithmaticExpression
rule 39   Operation -> EQ
rule 40   Operation -> '>'
rule 41   Operation -> '<'
rule 42   Operation -> LE
rule 43   Operation -> GE
rule 44   Assignment -> Id '=' ArithmaticExpression
rule 45   WhileLoop -> While '(' LogicExpression ')' Line
rule 46   ForLoop -> For LP Id '=' Value ';' Id LE Value ';' Id ADD Value RP Statement
rule 47   Variables -> Id List
rule 48   Variables -> Id '=' Value List
rule 49   List -> ',' Variables
rule 50   List ->		/* empty */
rule 51   DataType -> Integer
rule 52   DataType -> Char
rule 53   DataType -> Single
rule 54   DataType -> Double
rule 55   Value -> CharacterValue
rule 56   Value -> NumberValue
rule 57   Value -> '-' NumberValue
rule 58   NumberValue -> IntegerValue
rule 59   NumberValue -> SingleValue
rule 60   NumberValue -> DoubleValue
rule 61   Arguments -> ',' Id Arguments
rule 62   Arguments ->		/* empty */
rule 63   Addresses -> ',' '&' Id Addresses
rule 64   Addresses ->		/* empty */
rule 65   RP -> ')'
rule 66   LP -> '('

Terminals, with rules where they appear

$ (-1)
'!' (33) 34
'%' (37) 24
'&' (38) 63
'(' (40) 26 36 45 66
')' (41) 26 36 45 65
'*' (42) 22
'+' (43) 19
',' (44) 49 61 63
'-' (45) 20 28 57
'/' (47) 23
';' (59) 11 12 13 14 15 46
'<' (60) 41
'=' (61) 44 46 48
'>' (62) 40
'{' (123) 10
'}' (125) 10
error (256)
Integer (258) 51
Char (259) 52
Single (260) 53
Double (261) 54
Id (262) 27 28 44 46 47 48 61 63
IntegerValue (263) 58
CharacterValue (264) 55
SingleValue (265) 59
DoubleValue (266) 60
Print (267) 12
Scan (268) 13
Text (269) 12 13
Address (270)
If (271) 16 17 18
Else (272) 16 17
EQ (273) 39
LE (274) 42 46
GE (275) 43
AND (276) 32
OR (277) 30
ADD (278) 46
SUB (279)
INC (280)
DEC (281)
While (282) 45
For (283) 46

Nonterminals, with rules where they appear

start (45)
    on left: 1
Code (46)
    on left: 2 3, on right: 1 2 10
Line (47)
    on left: 4 5, on right: 2 18 45
Statement (48)
    on left: 6 7 8 9 10, on right: 4 16 17 46
SimpleStatement (49)
    on left: 11 12 13 14 15, on right: 6
IfStatement (50)
    on left: 16, on right: 9
OpenIfStatement (51)
    on left: 17 18, on right: 5 17
ArithmaticExpression (52)
    on left: 19 20 21, on right: 14 19 20 26 38 44
Term (53)
    on left: 22 23 24 25, on right: 19 20 21 22 23 24
Factor (54)
    on left: 26 27 28 29, on right: 22 23 24 25
LogicExpression (55)
    on left: 30 31, on right: 16 17 18 30 36 45
LogicTerm (56)
    on left: 32 33, on right: 30 31 32
LogicFactor (57)
    on left: 34 35, on right: 32 33 34
NotFactor (58)
    on left: 36 37, on right: 35
Comparator (59)
    on left: 38, on right: 37
Operation (60)
    on left: 39 40 41 42 43, on right: 38
Assignment (61)
    on left: 44, on right: 15
WhileLoop (62)
    on left: 45, on right: 7
ForLoop (63)
    on left: 46, on right: 8
Variables (64)
    on left: 47 48, on right: 11 49
List (65)
    on left: 49 50, on right: 47 48
DataType (66)
    on left: 51 52 53 54, on right: 11
Value (67)
    on left: 55 56 57, on right: 29 46 48
NumberValue (68)
    on left: 58 59 60, on right: 56 57
Arguments (69)
    on left: 61 62, on right: 12 61
Addresses (70)
    on left: 63 64, on right: 13 63
RP (71)
    on left: 65, on right: 12 13 16 17 18 46
LP (72)
    on left: 66, on right: 12 13 16 17 18 46


state 0

    Integer	shift, and go to state 1
    Char	shift, and go to state 2
    Single	shift, and go to state 3
    Double	shift, and go to state 4
    Id  	shift, and go to state 5
    IntegerValue	shift, and go to state 6
    CharacterValue	shift, and go to state 7
    SingleValue	shift, and go to state 8
    DoubleValue	shift, and go to state 9
    Print	shift, and go to state 10
    Scan	shift, and go to state 11
    If  	shift, and go to state 12
    While	shift, and go to state 13
    For 	shift, and go to state 14
    '{' 	shift, and go to state 15
    '-' 	shift, and go to state 16
    '(' 	shift, and go to state 17

    $default	reduce using rule 3 (Code)

    start	go to state 138
    Code	go to state 18
    Line	go to state 19
    Statement	go to state 20
    SimpleStatement	go to state 21
    IfStatement	go to state 22
    OpenIfStatement	go to state 23
    ArithmaticExpression	go to state 24
    Term	go to state 25
    Factor	go to state 26
    Assignment	go to state 27
    WhileLoop	go to state 28
    ForLoop	go to state 29
    DataType	go to state 30
    Value	go to state 31
    NumberValue	go to state 32



state 1

    DataType  ->  Integer .   (rule 51)

    $default	reduce using rule 51 (DataType)



state 2

    DataType  ->  Char .   (rule 52)

    $default	reduce using rule 52 (DataType)



state 3

    DataType  ->  Single .   (rule 53)

    $default	reduce using rule 53 (DataType)



state 4

    DataType  ->  Double .   (rule 54)

    $default	reduce using rule 54 (DataType)



state 5

    Factor  ->  Id .   (rule 27)
    Assignment  ->  Id . '=' ArithmaticExpression   (rule 44)

    '=' 	shift, and go to state 33

    $default	reduce using rule 27 (Factor)



state 6

    NumberValue  ->  IntegerValue .   (rule 58)

    $default	reduce using rule 58 (NumberValue)



state 7

    Value  ->  CharacterValue .   (rule 55)

    $default	reduce using rule 55 (Value)



state 8

    NumberValue  ->  SingleValue .   (rule 59)

    $default	reduce using rule 59 (NumberValue)



state 9

    NumberValue  ->  DoubleValue .   (rule 60)

    $default	reduce using rule 60 (NumberValue)



state 10

    SimpleStatement  ->  Print . LP Text Arguments RP ';'   (rule 12)

    '(' 	shift, and go to state 34

    LP  	go to state 35



state 11

    SimpleStatement  ->  Scan . LP Text Addresses RP ';'   (rule 13)

    '(' 	shift, and go to state 34

    LP  	go to state 36



state 12

    IfStatement  ->  If . LP LogicExpression RP Statement Else Statement   (rule 16)
    OpenIfStatement  ->  If . LP LogicExpression RP Statement Else OpenIfStatement   (rule 17)
    OpenIfStatement  ->  If . LP LogicExpression RP Line   (rule 18)

    '(' 	shift, and go to state 34

    LP  	go to state 37



state 13

    WhileLoop  ->  While . '(' LogicExpression ')' Line   (rule 45)

    '(' 	shift, and go to state 38



state 14

    ForLoop  ->  For . LP Id '=' Value ';' Id LE Value ';' Id ADD Value RP Statement   (rule 46)

    '(' 	shift, and go to state 34

    LP  	go to state 39



state 15

    Statement  ->  '{' . Code '}'   (rule 10)

    Integer	shift, and go to state 1
    Char	shift, and go to state 2
    Single	shift, and go to state 3
    Double	shift, and go to state 4
    Id  	shift, and go to state 5
    IntegerValue	shift, and go to state 6
    CharacterValue	shift, and go to state 7
    SingleValue	shift, and go to state 8
    DoubleValue	shift, and go to state 9
    Print	shift, and go to state 10
    Scan	shift, and go to state 11
    If  	shift, and go to state 12
    While	shift, and go to state 13
    For 	shift, and go to state 14
    '{' 	shift, and go to state 15
    '-' 	shift, and go to state 16
    '(' 	shift, and go to state 17

    $default	reduce using rule 3 (Code)

    Code	go to state 40
    Line	go to state 19
    Statement	go to state 20
    SimpleStatement	go to state 21
    IfStatement	go to state 22
    OpenIfStatement	go to state 23
    ArithmaticExpression	go to state 24
    Term	go to state 25
    Factor	go to state 26
    Assignment	go to state 27
    WhileLoop	go to state 28
    ForLoop	go to state 29
    DataType	go to state 30
    Value	go to state 31
    NumberValue	go to state 32



state 16

    Factor  ->  '-' . Id   (rule 28)
    Value  ->  '-' . NumberValue   (rule 57)

    Id  	shift, and go to state 41
    IntegerValue	shift, and go to state 6
    SingleValue	shift, and go to state 8
    DoubleValue	shift, and go to state 9

    NumberValue	go to state 42



state 17

    Factor  ->  '(' . ArithmaticExpression ')'   (rule 26)

    Id  	shift, and go to state 43
    IntegerValue	shift, and go to state 6
    CharacterValue	shift, and go to state 7
    SingleValue	shift, and go to state 8
    DoubleValue	shift, and go to state 9
    '-' 	shift, and go to state 16
    '(' 	shift, and go to state 17

    ArithmaticExpression	go to state 44
    Term	go to state 25
    Factor	go to state 26
    Value	go to state 31
    NumberValue	go to state 32



state 18

    start  ->  Code .   (rule 1)

    $default	reduce using rule 1 (start)



state 19

    Code  ->  Line . Code   (rule 2)

    Integer	shift, and go to state 1
    Char	shift, and go to state 2
    Single	shift, and go to state 3
    Double	shift, and go to state 4
    Id  	shift, and go to state 5
    IntegerValue	shift, and go to state 6
    CharacterValue	shift, and go to state 7
    SingleValue	shift, and go to state 8
    DoubleValue	shift, and go to state 9
    Print	shift, and go to state 10
    Scan	shift, and go to state 11
    If  	shift, and go to state 12
    While	shift, and go to state 13
    For 	shift, and go to state 14
    '{' 	shift, and go to state 15
    '-' 	shift, and go to state 16
    '(' 	shift, and go to state 17

    $default	reduce using rule 3 (Code)

    Code	go to state 45
    Line	go to state 19
    Statement	go to state 20
    SimpleStatement	go to state 21
    IfStatement	go to state 22
    OpenIfStatement	go to state 23
    ArithmaticExpression	go to state 24
    Term	go to state 25
    Factor	go to state 26
    Assignment	go to state 27
    WhileLoop	go to state 28
    ForLoop	go to state 29
    DataType	go to state 30
    Value	go to state 31
    NumberValue	go to state 32



state 20

    Line  ->  Statement .   (rule 4)

    $default	reduce using rule 4 (Line)



state 21

    Statement  ->  SimpleStatement .   (rule 6)

    $default	reduce using rule 6 (Statement)



state 22

    Statement  ->  IfStatement .   (rule 9)

    $default	reduce using rule 9 (Statement)



state 23

    Line  ->  OpenIfStatement .   (rule 5)

    $default	reduce using rule 5 (Line)



state 24

    SimpleStatement  ->  ArithmaticExpression . ';'   (rule 14)
    ArithmaticExpression  ->  ArithmaticExpression . '+' Term   (rule 19)
    ArithmaticExpression  ->  ArithmaticExpression . '-' Term   (rule 20)

    ';' 	shift, and go to state 46
    '+' 	shift, and go to state 47
    '-' 	shift, and go to state 48



state 25

    ArithmaticExpression  ->  Term .   (rule 21)
    Term  ->  Term . '*' Factor   (rule 22)
    Term  ->  Term . '/' Factor   (rule 23)
    Term  ->  Term . '%' Factor   (rule 24)

    '*' 	shift, and go to state 49
    '/' 	shift, and go to state 50
    '%' 	shift, and go to state 51

    $default	reduce using rule 21 (ArithmaticExpression)



state 26

    Term  ->  Factor .   (rule 25)

    $default	reduce using rule 25 (Term)



state 27

    SimpleStatement  ->  Assignment . ';'   (rule 15)

    ';' 	shift, and go to state 52



state 28

    Statement  ->  WhileLoop .   (rule 7)

    $default	reduce using rule 7 (Statement)



state 29

    Statement  ->  ForLoop .   (rule 8)

    $default	reduce using rule 8 (Statement)



state 30

    SimpleStatement  ->  DataType . Variables ';'   (rule 11)

    Id  	shift, and go to state 53

    Variables	go to state 54



state 31

    Factor  ->  Value .   (rule 29)

    $default	reduce using rule 29 (Factor)



state 32

    Value  ->  NumberValue .   (rule 56)

    $default	reduce using rule 56 (Value)



state 33

    Assignment  ->  Id '=' . ArithmaticExpression   (rule 44)

    Id  	shift, and go to state 43
    IntegerValue	shift, and go to state 6
    CharacterValue	shift, and go to state 7
    SingleValue	shift, and go to state 8
    DoubleValue	shift, and go to state 9
    '-' 	shift, and go to state 16
    '(' 	shift, and go to state 17

    ArithmaticExpression	go to state 55
    Term	go to state 25
    Factor	go to state 26
    Value	go to state 31
    NumberValue	go to state 32



state 34

    LP  ->  '(' .   (rule 66)

    $default	reduce using rule 66 (LP)



state 35

    SimpleStatement  ->  Print LP . Text Arguments RP ';'   (rule 12)

    Text	shift, and go to state 56



state 36

    SimpleStatement  ->  Scan LP . Text Addresses RP ';'   (rule 13)

    Text	shift, and go to state 57



state 37

    IfStatement  ->  If LP . LogicExpression RP Statement Else Statement   (rule 16)
    OpenIfStatement  ->  If LP . LogicExpression RP Statement Else OpenIfStatement   (rule 17)
    OpenIfStatement  ->  If LP . LogicExpression RP Line   (rule 18)

    Id  	shift, and go to state 43
    IntegerValue	shift, and go to state 6
    CharacterValue	shift, and go to state 7
    SingleValue	shift, and go to state 8
    DoubleValue	shift, and go to state 9
    '-' 	shift, and go to state 16
    '(' 	shift, and go to state 58
    '!' 	shift, and go to state 59

    ArithmaticExpression	go to state 60
    Term	go to state 25
    Factor	go to state 26
    LogicExpression	go to state 61
    LogicTerm	go to state 62
    LogicFactor	go to state 63
    NotFactor	go to state 64
    Comparator	go to state 65
    Value	go to state 31
    NumberValue	go to state 32



state 38

    WhileLoop  ->  While '(' . LogicExpression ')' Line   (rule 45)

    Id  	shift, and go to state 43
    IntegerValue	shift, and go to state 6
    CharacterValue	shift, and go to state 7
    SingleValue	shift, and go to state 8
    DoubleValue	shift, and go to state 9
    '-' 	shift, and go to state 16
    '(' 	shift, and go to state 58
    '!' 	shift, and go to state 59

    ArithmaticExpression	go to state 60
    Term	go to state 25
    Factor	go to state 26
    LogicExpression	go to state 66
    LogicTerm	go to state 62
    LogicFactor	go to state 63
    NotFactor	go to state 64
    Comparator	go to state 65
    Value	go to state 31
    NumberValue	go to state 32



state 39

    ForLoop  ->  For LP . Id '=' Value ';' Id LE Value ';' Id ADD Value RP Statement   (rule 46)

    Id  	shift, and go to state 67



state 40

    Statement  ->  '{' Code . '}'   (rule 10)

    '}' 	shift, and go to state 68



state 41

    Factor  ->  '-' Id .   (rule 28)

    $default	reduce using rule 28 (Factor)



state 42

    Value  ->  '-' NumberValue .   (rule 57)

    $default	reduce using rule 57 (Value)



state 43

    Factor  ->  Id .   (rule 27)

    $default	reduce using rule 27 (Factor)



state 44

    ArithmaticExpression  ->  ArithmaticExpression . '+' Term   (rule 19)
    ArithmaticExpression  ->  ArithmaticExpression . '-' Term   (rule 20)
    Factor  ->  '(' ArithmaticExpression . ')'   (rule 26)

    '+' 	shift, and go to state 47
    '-' 	shift, and go to state 48
    ')' 	shift, and go to state 69



state 45

    Code  ->  Line Code .   (rule 2)

    $default	reduce using rule 2 (Code)



state 46

    SimpleStatement  ->  ArithmaticExpression ';' .   (rule 14)

    $default	reduce using rule 14 (SimpleStatement)



state 47

    ArithmaticExpression  ->  ArithmaticExpression '+' . Term   (rule 19)

    Id  	shift, and go to state 43
    IntegerValue	shift, and go to state 6
    CharacterValue	shift, and go to state 7
    SingleValue	shift, and go to state 8
    DoubleValue	shift, and go to state 9
    '-' 	shift, and go to state 16
    '(' 	shift, and go to state 17

    Term	go to state 70
    Factor	go to state 26
    Value	go to state 31
    NumberValue	go to state 32



state 48

    ArithmaticExpression  ->  ArithmaticExpression '-' . Term   (rule 20)

    Id  	shift, and go to state 43
    IntegerValue	shift, and go to state 6
    CharacterValue	shift, and go to state 7
    SingleValue	shift, and go to state 8
    DoubleValue	shift, and go to state 9
    '-' 	shift, and go to state 16
    '(' 	shift, and go to state 17

    Term	go to state 71
    Factor	go to state 26
    Value	go to state 31
    NumberValue	go to state 32



state 49

    Term  ->  Term '*' . Factor   (rule 22)

    Id  	shift, and go to state 43
    IntegerValue	shift, and go to state 6
    CharacterValue	shift, and go to state 7
    SingleValue	shift, and go to state 8
    DoubleValue	shift, and go to state 9
    '-' 	shift, and go to state 16
    '(' 	shift, and go to state 17

    Factor	go to state 72
    Value	go to state 31
    NumberValue	go to state 32



state 50

    Term  ->  Term '/' . Factor   (rule 23)

    Id  	shift, and go to state 43
    IntegerValue	shift, and go to state 6
    CharacterValue	shift, and go to state 7
    SingleValue	shift, and go to state 8
    DoubleValue	shift, and go to state 9
    '-' 	shift, and go to state 16
    '(' 	shift, and go to state 17

    Factor	go to state 73
    Value	go to state 31
    NumberValue	go to state 32



state 51

    Term  ->  Term '%' . Factor   (rule 24)

    Id  	shift, and go to state 43
    IntegerValue	shift, and go to state 6
    CharacterValue	shift, and go to state 7
    SingleValue	shift, and go to state 8
    DoubleValue	shift, and go to state 9
    '-' 	shift, and go to state 16
    '(' 	shift, and go to state 17

    Factor	go to state 74
    Value	go to state 31
    NumberValue	go to state 32



state 52

    SimpleStatement  ->  Assignment ';' .   (rule 15)

    $default	reduce using rule 15 (SimpleStatement)



state 53

    Variables  ->  Id . List   (rule 47)
    Variables  ->  Id . '=' Value List   (rule 48)

    '=' 	shift, and go to state 75
    ',' 	shift, and go to state 76

    $default	reduce using rule 50 (List)

    List	go to state 77



state 54

    SimpleStatement  ->  DataType Variables . ';'   (rule 11)

    ';' 	shift, and go to state 78



state 55

    ArithmaticExpression  ->  ArithmaticExpression . '+' Term   (rule 19)
    ArithmaticExpression  ->  ArithmaticExpression . '-' Term   (rule 20)
    Assignment  ->  Id '=' ArithmaticExpression .   (rule 44)

    '+' 	shift, and go to state 47
    '-' 	shift, and go to state 48

    $default	reduce using rule 44 (Assignment)



state 56

    SimpleStatement  ->  Print LP Text . Arguments RP ';'   (rule 12)

    ',' 	shift, and go to state 79

    $default	reduce using rule 62 (Arguments)

    Arguments	go to state 80



state 57

    SimpleStatement  ->  Scan LP Text . Addresses RP ';'   (rule 13)

    ',' 	shift, and go to state 81

    $default	reduce using rule 64 (Addresses)

    Addresses	go to state 82



state 58

    Factor  ->  '(' . ArithmaticExpression ')'   (rule 26)
    NotFactor  ->  '(' . LogicExpression ')'   (rule 36)

    Id  	shift, and go to state 43
    IntegerValue	shift, and go to state 6
    CharacterValue	shift, and go to state 7
    SingleValue	shift, and go to state 8
    DoubleValue	shift, and go to state 9
    '-' 	shift, and go to state 16
    '(' 	shift, and go to state 58
    '!' 	shift, and go to state 59

    ArithmaticExpression	go to state 83
    Term	go to state 25
    Factor	go to state 26
    LogicExpression	go to state 84
    LogicTerm	go to state 62
    LogicFactor	go to state 63
    NotFactor	go to state 64
    Comparator	go to state 65
    Value	go to state 31
    NumberValue	go to state 32



state 59

    LogicFactor  ->  '!' . LogicFactor   (rule 34)

    Id  	shift, and go to state 43
    IntegerValue	shift, and go to state 6
    CharacterValue	shift, and go to state 7
    SingleValue	shift, and go to state 8
    DoubleValue	shift, and go to state 9
    '-' 	shift, and go to state 16
    '(' 	shift, and go to state 58
    '!' 	shift, and go to state 59

    ArithmaticExpression	go to state 60
    Term	go to state 25
    Factor	go to state 26
    LogicFactor	go to state 85
    NotFactor	go to state 64
    Comparator	go to state 65
    Value	go to state 31
    NumberValue	go to state 32



state 60

    ArithmaticExpression  ->  ArithmaticExpression . '+' Term   (rule 19)
    ArithmaticExpression  ->  ArithmaticExpression . '-' Term   (rule 20)
    Comparator  ->  ArithmaticExpression . Operation ArithmaticExpression   (rule 38)

    EQ  	shift, and go to state 86
    LE  	shift, and go to state 87
    GE  	shift, and go to state 88
    '+' 	shift, and go to state 47
    '-' 	shift, and go to state 48
    '>' 	shift, and go to state 89
    '<' 	shift, and go to state 90

    Operation	go to state 91



state 61

    IfStatement  ->  If LP LogicExpression . RP Statement Else Statement   (rule 16)
    OpenIfStatement  ->  If LP LogicExpression . RP Statement Else OpenIfStatement   (rule 17)
    OpenIfStatement  ->  If LP LogicExpression . RP Line   (rule 18)
    LogicExpression  ->  LogicExpression . OR LogicTerm   (rule 30)

    OR  	shift, and go to state 92
    ')' 	shift, and go to state 93

    RP  	go to state 94



state 62

    LogicExpression  ->  LogicTerm .   (rule 31)
    LogicTerm  ->  LogicTerm . AND LogicFactor   (rule 32)

    AND 	shift, and go to state 95

    $default	reduce using rule 31 (LogicExpression)



state 63

    LogicTerm  ->  LogicFactor .   (rule 33)

    $default	reduce using rule 33 (LogicTerm)



state 64

    LogicFactor  ->  NotFactor .   (rule 35)

    $default	reduce using rule 35 (LogicFactor)



state 65

    NotFactor  ->  Comparator .   (rule 37)

    $default	reduce using rule 37 (NotFactor)



state 66

    LogicExpression  ->  LogicExpression . OR LogicTerm   (rule 30)
    WhileLoop  ->  While '(' LogicExpression . ')' Line   (rule 45)

    OR  	shift, and go to state 92
    ')' 	shift, and go to state 96



state 67

    ForLoop  ->  For LP Id . '=' Value ';' Id LE Value ';' Id ADD Value RP Statement   (rule 46)

    '=' 	shift, and go to state 97



state 68

    Statement  ->  '{' Code '}' .   (rule 10)

    $default	reduce using rule 10 (Statement)



state 69

    Factor  ->  '(' ArithmaticExpression ')' .   (rule 26)

    $default	reduce using rule 26 (Factor)



state 70

    ArithmaticExpression  ->  ArithmaticExpression '+' Term .   (rule 19)
    Term  ->  Term . '*' Factor   (rule 22)
    Term  ->  Term . '/' Factor   (rule 23)
    Term  ->  Term . '%' Factor   (rule 24)

    '*' 	shift, and go to state 49
    '/' 	shift, and go to state 50
    '%' 	shift, and go to state 51

    $default	reduce using rule 19 (ArithmaticExpression)



state 71

    ArithmaticExpression  ->  ArithmaticExpression '-' Term .   (rule 20)
    Term  ->  Term . '*' Factor   (rule 22)
    Term  ->  Term . '/' Factor   (rule 23)
    Term  ->  Term . '%' Factor   (rule 24)

    '*' 	shift, and go to state 49
    '/' 	shift, and go to state 50
    '%' 	shift, and go to state 51

    $default	reduce using rule 20 (ArithmaticExpression)



state 72

    Term  ->  Term '*' Factor .   (rule 22)

    $default	reduce using rule 22 (Term)



state 73

    Term  ->  Term '/' Factor .   (rule 23)

    $default	reduce using rule 23 (Term)



state 74

    Term  ->  Term '%' Factor .   (rule 24)

    $default	reduce using rule 24 (Term)



state 75

    Variables  ->  Id '=' . Value List   (rule 48)

    IntegerValue	shift, and go to state 6
    CharacterValue	shift, and go to state 7
    SingleValue	shift, and go to state 8
    DoubleValue	shift, and go to state 9
    '-' 	shift, and go to state 98

    Value	go to state 99
    NumberValue	go to state 32



state 76

    List  ->  ',' . Variables   (rule 49)

    Id  	shift, and go to state 53

    Variables	go to state 100



state 77

    Variables  ->  Id List .   (rule 47)

    $default	reduce using rule 47 (Variables)



state 78

    SimpleStatement  ->  DataType Variables ';' .   (rule 11)

    $default	reduce using rule 11 (SimpleStatement)



state 79

    Arguments  ->  ',' . Id Arguments   (rule 61)

    Id  	shift, and go to state 101



state 80

    SimpleStatement  ->  Print LP Text Arguments . RP ';'   (rule 12)

    ')' 	shift, and go to state 93

    RP  	go to state 102



state 81

    Addresses  ->  ',' . '&' Id Addresses   (rule 63)

    '&' 	shift, and go to state 103



state 82

    SimpleStatement  ->  Scan LP Text Addresses . RP ';'   (rule 13)

    ')' 	shift, and go to state 93

    RP  	go to state 104



state 83

    ArithmaticExpression  ->  ArithmaticExpression . '+' Term   (rule 19)
    ArithmaticExpression  ->  ArithmaticExpression . '-' Term   (rule 20)
    Factor  ->  '(' ArithmaticExpression . ')'   (rule 26)
    Comparator  ->  ArithmaticExpression . Operation ArithmaticExpression   (rule 38)

    EQ  	shift, and go to state 86
    LE  	shift, and go to state 87
    GE  	shift, and go to state 88
    '+' 	shift, and go to state 47
    '-' 	shift, and go to state 48
    ')' 	shift, and go to state 69
    '>' 	shift, and go to state 89
    '<' 	shift, and go to state 90

    Operation	go to state 91



state 84

    LogicExpression  ->  LogicExpression . OR LogicTerm   (rule 30)
    NotFactor  ->  '(' LogicExpression . ')'   (rule 36)

    OR  	shift, and go to state 92
    ')' 	shift, and go to state 105



state 85

    LogicFactor  ->  '!' LogicFactor .   (rule 34)

    $default	reduce using rule 34 (LogicFactor)



state 86

    Operation  ->  EQ .   (rule 39)

    $default	reduce using rule 39 (Operation)



state 87

    Operation  ->  LE .   (rule 42)

    $default	reduce using rule 42 (Operation)



state 88

    Operation  ->  GE .   (rule 43)

    $default	reduce using rule 43 (Operation)



state 89

    Operation  ->  '>' .   (rule 40)

    $default	reduce using rule 40 (Operation)



state 90

    Operation  ->  '<' .   (rule 41)

    $default	reduce using rule 41 (Operation)



state 91

    Comparator  ->  ArithmaticExpression Operation . ArithmaticExpression   (rule 38)

    Id  	shift, and go to state 43
    IntegerValue	shift, and go to state 6
    CharacterValue	shift, and go to state 7
    SingleValue	shift, and go to state 8
    DoubleValue	shift, and go to state 9
    '-' 	shift, and go to state 16
    '(' 	shift, and go to state 17

    ArithmaticExpression	go to state 106
    Term	go to state 25
    Factor	go to state 26
    Value	go to state 31
    NumberValue	go to state 32



state 92

    LogicExpression  ->  LogicExpression OR . LogicTerm   (rule 30)

    Id  	shift, and go to state 43
    IntegerValue	shift, and go to state 6
    CharacterValue	shift, and go to state 7
    SingleValue	shift, and go to state 8
    DoubleValue	shift, and go to state 9
    '-' 	shift, and go to state 16
    '(' 	shift, and go to state 58
    '!' 	shift, and go to state 59

    ArithmaticExpression	go to state 60
    Term	go to state 25
    Factor	go to state 26
    LogicTerm	go to state 107
    LogicFactor	go to state 63
    NotFactor	go to state 64
    Comparator	go to state 65
    Value	go to state 31
    NumberValue	go to state 32



state 93

    RP  ->  ')' .   (rule 65)

    $default	reduce using rule 65 (RP)



state 94

    IfStatement  ->  If LP LogicExpression RP . Statement Else Statement   (rule 16)
    OpenIfStatement  ->  If LP LogicExpression RP . Statement Else OpenIfStatement   (rule 17)
    OpenIfStatement  ->  If LP LogicExpression RP . Line   (rule 18)

    Integer	shift, and go to state 1
    Char	shift, and go to state 2
    Single	shift, and go to state 3
    Double	shift, and go to state 4
    Id  	shift, and go to state 5
    IntegerValue	shift, and go to state 6
    CharacterValue	shift, and go to state 7
    SingleValue	shift, and go to state 8
    DoubleValue	shift, and go to state 9
    Print	shift, and go to state 10
    Scan	shift, and go to state 11
    If  	shift, and go to state 12
    While	shift, and go to state 13
    For 	shift, and go to state 14
    '{' 	shift, and go to state 15
    '-' 	shift, and go to state 16
    '(' 	shift, and go to state 17

    Line	go to state 108
    Statement	go to state 109
    SimpleStatement	go to state 21
    IfStatement	go to state 22
    OpenIfStatement	go to state 23
    ArithmaticExpression	go to state 24
    Term	go to state 25
    Factor	go to state 26
    Assignment	go to state 27
    WhileLoop	go to state 28
    ForLoop	go to state 29
    DataType	go to state 30
    Value	go to state 31
    NumberValue	go to state 32



state 95

    LogicTerm  ->  LogicTerm AND . LogicFactor   (rule 32)

    Id  	shift, and go to state 43
    IntegerValue	shift, and go to state 6
    CharacterValue	shift, and go to state 7
    SingleValue	shift, and go to state 8
    DoubleValue	shift, and go to state 9
    '-' 	shift, and go to state 16
    '(' 	shift, and go to state 58
    '!' 	shift, and go to state 59

    ArithmaticExpression	go to state 60
    Term	go to state 25
    Factor	go to state 26
    LogicFactor	go to state 110
    NotFactor	go to state 64
    Comparator	go to state 65
    Value	go to state 31
    NumberValue	go to state 32



state 96

    WhileLoop  ->  While '(' LogicExpression ')' . Line   (rule 45)

    Integer	shift, and go to state 1
    Char	shift, and go to state 2
    Single	shift, and go to state 3
    Double	shift, and go to state 4
    Id  	shift, and go to state 5
    IntegerValue	shift, and go to state 6
    CharacterValue	shift, and go to state 7
    SingleValue	shift, and go to state 8
    DoubleValue	shift, and go to state 9
    Print	shift, and go to state 10
    Scan	shift, and go to state 11
    If  	shift, and go to state 12
    While	shift, and go to state 13
    For 	shift, and go to state 14
    '{' 	shift, and go to state 15
    '-' 	shift, and go to state 16
    '(' 	shift, and go to state 17

    Line	go to state 111
    Statement	go to state 20
    SimpleStatement	go to state 21
    IfStatement	go to state 22
    OpenIfStatement	go to state 23
    ArithmaticExpression	go to state 24
    Term	go to state 25
    Factor	go to state 26
    Assignment	go to state 27
    WhileLoop	go to state 28
    ForLoop	go to state 29
    DataType	go to state 30
    Value	go to state 31
    NumberValue	go to state 32



state 97

    ForLoop  ->  For LP Id '=' . Value ';' Id LE Value ';' Id ADD Value RP Statement   (rule 46)

    IntegerValue	shift, and go to state 6
    CharacterValue	shift, and go to state 7
    SingleValue	shift, and go to state 8
    DoubleValue	shift, and go to state 9
    '-' 	shift, and go to state 98

    Value	go to state 112
    NumberValue	go to state 32



state 98

    Value  ->  '-' . NumberValue   (rule 57)

    IntegerValue	shift, and go to state 6
    SingleValue	shift, and go to state 8
    DoubleValue	shift, and go to state 9

    NumberValue	go to state 42



state 99

    Variables  ->  Id '=' Value . List   (rule 48)

    ',' 	shift, and go to state 76

    $default	reduce using rule 50 (List)

    List	go to state 113



state 100

    List  ->  ',' Variables .   (rule 49)

    $default	reduce using rule 49 (List)



state 101

    Arguments  ->  ',' Id . Arguments   (rule 61)

    ',' 	shift, and go to state 79

    $default	reduce using rule 62 (Arguments)

    Arguments	go to state 114



state 102

    SimpleStatement  ->  Print LP Text Arguments RP . ';'   (rule 12)

    ';' 	shift, and go to state 115



state 103

    Addresses  ->  ',' '&' . Id Addresses   (rule 63)

    Id  	shift, and go to state 116



state 104

    SimpleStatement  ->  Scan LP Text Addresses RP . ';'   (rule 13)

    ';' 	shift, and go to state 117



state 105

    NotFactor  ->  '(' LogicExpression ')' .   (rule 36)

    $default	reduce using rule 36 (NotFactor)



state 106

    ArithmaticExpression  ->  ArithmaticExpression . '+' Term   (rule 19)
    ArithmaticExpression  ->  ArithmaticExpression . '-' Term   (rule 20)
    Comparator  ->  ArithmaticExpression Operation ArithmaticExpression .   (rule 38)

    '+' 	shift, and go to state 47
    '-' 	shift, and go to state 48

    $default	reduce using rule 38 (Comparator)



state 107

    LogicExpression  ->  LogicExpression OR LogicTerm .   (rule 30)
    LogicTerm  ->  LogicTerm . AND LogicFactor   (rule 32)

    AND 	shift, and go to state 95

    $default	reduce using rule 30 (LogicExpression)



state 108

    OpenIfStatement  ->  If LP LogicExpression RP Line .   (rule 18)

    $default	reduce using rule 18 (OpenIfStatement)



state 109

    Line  ->  Statement .   (rule 4)
    IfStatement  ->  If LP LogicExpression RP Statement . Else Statement   (rule 16)
    OpenIfStatement  ->  If LP LogicExpression RP Statement . Else OpenIfStatement   (rule 17)

    Else	shift, and go to state 118

    Else	[reduce using rule 4 (Line)]
    $default	reduce using rule 4 (Line)



state 110

    LogicTerm  ->  LogicTerm AND LogicFactor .   (rule 32)

    $default	reduce using rule 32 (LogicTerm)



state 111

    WhileLoop  ->  While '(' LogicExpression ')' Line .   (rule 45)

    $default	reduce using rule 45 (WhileLoop)



state 112

    ForLoop  ->  For LP Id '=' Value . ';' Id LE Value ';' Id ADD Value RP Statement   (rule 46)

    ';' 	shift, and go to state 119



state 113

    Variables  ->  Id '=' Value List .   (rule 48)

    $default	reduce using rule 48 (Variables)



state 114

    Arguments  ->  ',' Id Arguments .   (rule 61)

    $default	reduce using rule 61 (Arguments)



state 115

    SimpleStatement  ->  Print LP Text Arguments RP ';' .   (rule 12)

    $default	reduce using rule 12 (SimpleStatement)



state 116

    Addresses  ->  ',' '&' Id . Addresses   (rule 63)

    ',' 	shift, and go to state 81

    $default	reduce using rule 64 (Addresses)

    Addresses	go to state 120



state 117

    SimpleStatement  ->  Scan LP Text Addresses RP ';' .   (rule 13)

    $default	reduce using rule 13 (SimpleStatement)



state 118

    IfStatement  ->  If LP LogicExpression RP Statement Else . Statement   (rule 16)
    OpenIfStatement  ->  If LP LogicExpression RP Statement Else . OpenIfStatement   (rule 17)

    Integer	shift, and go to state 1
    Char	shift, and go to state 2
    Single	shift, and go to state 3
    Double	shift, and go to state 4
    Id  	shift, and go to state 5
    IntegerValue	shift, and go to state 6
    CharacterValue	shift, and go to state 7
    SingleValue	shift, and go to state 8
    DoubleValue	shift, and go to state 9
    Print	shift, and go to state 10
    Scan	shift, and go to state 11
    If  	shift, and go to state 12
    While	shift, and go to state 13
    For 	shift, and go to state 14
    '{' 	shift, and go to state 15
    '-' 	shift, and go to state 16
    '(' 	shift, and go to state 17

    Statement	go to state 121
    SimpleStatement	go to state 21
    IfStatement	go to state 22
    OpenIfStatement	go to state 122
    ArithmaticExpression	go to state 24
    Term	go to state 25
    Factor	go to state 26
    Assignment	go to state 27
    WhileLoop	go to state 28
    ForLoop	go to state 29
    DataType	go to state 30
    Value	go to state 31
    NumberValue	go to state 32



state 119

    ForLoop  ->  For LP Id '=' Value ';' . Id LE Value ';' Id ADD Value RP Statement   (rule 46)

    Id  	shift, and go to state 123



state 120

    Addresses  ->  ',' '&' Id Addresses .   (rule 63)

    $default	reduce using rule 63 (Addresses)



state 121

    IfStatement  ->  If LP LogicExpression RP Statement Else Statement .   (rule 16)

    $default	reduce using rule 16 (IfStatement)



state 122

    OpenIfStatement  ->  If LP LogicExpression RP Statement Else OpenIfStatement .   (rule 17)

    $default	reduce using rule 17 (OpenIfStatement)



state 123

    ForLoop  ->  For LP Id '=' Value ';' Id . LE Value ';' Id ADD Value RP Statement   (rule 46)

    LE  	shift, and go to state 124



state 124

    ForLoop  ->  For LP Id '=' Value ';' Id LE . Value ';' Id ADD Value RP Statement   (rule 46)

    IntegerValue	shift, and go to state 6
    CharacterValue	shift, and go to state 7
    SingleValue	shift, and go to state 8
    DoubleValue	shift, and go to state 9
    '-' 	shift, and go to state 98

    Value	go to state 125
    NumberValue	go to state 32



state 125

    ForLoop  ->  For LP Id '=' Value ';' Id LE Value . ';' Id ADD Value RP Statement   (rule 46)

    ';' 	shift, and go to state 126



state 126

    ForLoop  ->  For LP Id '=' Value ';' Id LE Value ';' . Id ADD Value RP Statement   (rule 46)

    Id  	shift, and go to state 127



state 127

    ForLoop  ->  For LP Id '=' Value ';' Id LE Value ';' Id . ADD Value RP Statement   (rule 46)

    ADD 	shift, and go to state 128



state 128

    ForLoop  ->  For LP Id '=' Value ';' Id LE Value ';' Id ADD . Value RP Statement   (rule 46)

    IntegerValue	shift, and go to state 6
    CharacterValue	shift, and go to state 7
    SingleValue	shift, and go to state 8
    DoubleValue	shift, and go to state 9
    '-' 	shift, and go to state 98

    Value	go to state 129
    NumberValue	go to state 32



state 129

    ForLoop  ->  For LP Id '=' Value ';' Id LE Value ';' Id ADD Value . RP Statement   (rule 46)

    ')' 	shift, and go to state 93

    RP  	go to state 130



state 130

    ForLoop  ->  For LP Id '=' Value ';' Id LE Value ';' Id ADD Value RP . Statement   (rule 46)

    Integer	shift, and go to state 1
    Char	shift, and go to state 2
    Single	shift, and go to state 3
    Double	shift, and go to state 4
    Id  	shift, and go to state 5
    IntegerValue	shift, and go to state 6
    CharacterValue	shift, and go to state 7
    SingleValue	shift, and go to state 8
    DoubleValue	shift, and go to state 9
    Print	shift, and go to state 10
    Scan	shift, and go to state 11
    If  	shift, and go to state 131
    While	shift, and go to state 13
    For 	shift, and go to state 14
    '{' 	shift, and go to state 15
    '-' 	shift, and go to state 16
    '(' 	shift, and go to state 17

    Statement	go to state 132
    SimpleStatement	go to state 21
    IfStatement	go to state 22
    ArithmaticExpression	go to state 24
    Term	go to state 25
    Factor	go to state 26
    Assignment	go to state 27
    WhileLoop	go to state 28
    ForLoop	go to state 29
    DataType	go to state 30
    Value	go to state 31
    NumberValue	go to state 32



state 131

    IfStatement  ->  If . LP LogicExpression RP Statement Else Statement   (rule 16)

    '(' 	shift, and go to state 34

    LP  	go to state 133



state 132

    ForLoop  ->  For LP Id '=' Value ';' Id LE Value ';' Id ADD Value RP Statement .   (rule 46)

    $default	reduce using rule 46 (ForLoop)



state 133

    IfStatement  ->  If LP . LogicExpression RP Statement Else Statement   (rule 16)

    Id  	shift, and go to state 43
    IntegerValue	shift, and go to state 6
    CharacterValue	shift, and go to state 7
    SingleValue	shift, and go to state 8
    DoubleValue	shift, and go to state 9
    '-' 	shift, and go to state 16
    '(' 	shift, and go to state 58
    '!' 	shift, and go to state 59

    ArithmaticExpression	go to state 60
    Term	go to state 25
    Factor	go to state 26
    LogicExpression	go to state 134
    LogicTerm	go to state 62
    LogicFactor	go to state 63
    NotFactor	go to state 64
    Comparator	go to state 65
    Value	go to state 31
    NumberValue	go to state 32



state 134

    IfStatement  ->  If LP LogicExpression . RP Statement Else Statement   (rule 16)
    LogicExpression  ->  LogicExpression . OR LogicTerm   (rule 30)

    OR  	shift, and go to state 92
    ')' 	shift, and go to state 93

    RP  	go to state 135



state 135

    IfStatement  ->  If LP LogicExpression RP . Statement Else Statement   (rule 16)

    Integer	shift, and go to state 1
    Char	shift, and go to state 2
    Single	shift, and go to state 3
    Double	shift, and go to state 4
    Id  	shift, and go to state 5
    IntegerValue	shift, and go to state 6
    CharacterValue	shift, and go to state 7
    SingleValue	shift, and go to state 8
    DoubleValue	shift, and go to state 9
    Print	shift, and go to state 10
    Scan	shift, and go to state 11
    If  	shift, and go to state 131
    While	shift, and go to state 13
    For 	shift, and go to state 14
    '{' 	shift, and go to state 15
    '-' 	shift, and go to state 16
    '(' 	shift, and go to state 17

    Statement	go to state 136
    SimpleStatement	go to state 21
    IfStatement	go to state 22
    ArithmaticExpression	go to state 24
    Term	go to state 25
    Factor	go to state 26
    Assignment	go to state 27
    WhileLoop	go to state 28
    ForLoop	go to state 29
    DataType	go to state 30
    Value	go to state 31
    NumberValue	go to state 32



state 136

    IfStatement  ->  If LP LogicExpression RP Statement . Else Statement   (rule 16)

    Else	shift, and go to state 137



state 137

    IfStatement  ->  If LP LogicExpression RP Statement Else . Statement   (rule 16)

    Integer	shift, and go to state 1
    Char	shift, and go to state 2
    Single	shift, and go to state 3
    Double	shift, and go to state 4
    Id  	shift, and go to state 5
    IntegerValue	shift, and go to state 6
    CharacterValue	shift, and go to state 7
    SingleValue	shift, and go to state 8
    DoubleValue	shift, and go to state 9
    Print	shift, and go to state 10
    Scan	shift, and go to state 11
    If  	shift, and go to state 131
    While	shift, and go to state 13
    For 	shift, and go to state 14
    '{' 	shift, and go to state 15
    '-' 	shift, and go to state 16
    '(' 	shift, and go to state 17

    Statement	go to state 121
    SimpleStatement	go to state 21
    IfStatement	go to state 22
    ArithmaticExpression	go to state 24
    Term	go to state 25
    Factor	go to state 26
    Assignment	go to state 27
    WhileLoop	go to state 28
    ForLoop	go to state 29
    DataType	go to state 30
    Value	go to state 31
    NumberValue	go to state 32



state 138

    $   	go to state 139



state 139

    $   	go to state 140



state 140

    $default	accept
